Start testing: Aug 26 21:13 EDT
----------------------------------------------------------
1/1 Testing: distance
1/1 Test: distance
Command: "/Users/kstephenkeehn/jetvec/build/bin/test_distance"
Directory: /Users/kstephenkeehn/jetvec/build
"distance" start time: Aug 26 21:13 EDT
Output:
----------------------------------------------------------
distance ok
<end of output>
Test time =   0.01 sec
----------------------------------------------------------
Test Passed.
"distance" end time: Aug 26 21:13 EDT
"distance" time elapsed: 00:00:00
----------------------------------------------------------

End testing: Aug 26 21:13 EDT
